Using pre-set license
Built from '2020.3/staging' branch; Version is '2020.3.20f1 (41c4e627c95f) revision 4310246'; Using compiler version '192528614'; Build Type 'Release'
OS: 'Windows 10 Pro; OS build 19042.1237; Version 2009; 64bit' Language: 'es' Physical Memory: 16227 MB
BatchMode: 1, IsHumanControllingUs: 0, StartBugReporterOnCrash: 0, Is64bit: 1, IsPro: 0

COMMAND LINE ARGUMENTS:
C:\Program Files\Unity\Hub\Editor\2020.3.20f1\Editor\Unity.exe
-adb2
-batchMode
-noUpm
-name
AssetImportWorker0
-projectPath
C:/Ladat/Unity/Entregable1
-logFile
Logs/AssetImportWorker0.log
-srvPort
50060
Successfully changed project path to: C:/Ladat/Unity/Entregable1
C:/Ladat/Unity/Entregable1
Using Asset Import Pipeline V2.
Refreshing native plugins compatible for Editor in 26.49 ms, found 2 plugins.
Preloading 0 native plugins for Editor in 0.00 ms.
Initialize engine version: 2020.3.20f1 (41c4e627c95f)
[Subsystems] Discovering subsystems at path C:/Program Files/Unity/Hub/Editor/2020.3.20f1/Editor/Data/Resources/UnitySubsystems
[Subsystems] Discovering subsystems at path C:/Ladat/Unity/Entregable1/Assets
GfxDevice: creating device client; threaded=0
Direct3D:
    Version:  Direct3D 11.0 [level 11.1]
    Renderer: NVIDIA GeForce GTX 1650 with Max-Q Design (ID=0x1f91)
    Vendor:   
    VRAM:     3962 MB
    Driver:   30.0.14.7196
Initialize mono
Mono path[0] = 'C:/Program Files/Unity/Hub/Editor/2020.3.20f1/Editor/Data/Managed'
Mono path[1] = 'C:/Program Files/Unity/Hub/Editor/2020.3.20f1/Editor/Data/MonoBleedingEdge/lib/mono/unityjit'
Mono config path = 'C:/Program Files/Unity/Hub/Editor/2020.3.20f1/Editor/Data/MonoBleedingEdge/etc'
Using monoOptions --debugger-agent=transport=dt_socket,embedding=1,server=y,suspend=n,address=127.0.0.1:56700
Begin MonoManager ReloadAssembly
Registering precompiled unity dll's ...
Register platform support module: C:/Program Files/Unity/Hub/Editor/2020.3.20f1/Editor/Data/PlaybackEngines/WindowsStandaloneSupport/UnityEditor.WindowsStandalone.Extensions.dll
Registered in 0.001963 seconds.
Native extension for WindowsStandalone target not found
Refreshing native plugins compatible for Editor in 30.96 ms, found 2 plugins.
Preloading 0 native plugins for Editor in 0.00 ms.
Mono: successfully reloaded assembly
- Completed reload, in  0.963 seconds
Domain Reload Profiling:
	ReloadAssembly (963ms)
		BeginReloadAssembly (50ms)
			ExecutionOrderSort (0ms)
			DisableScriptedObjects (0ms)
			BackupInstance (0ms)
			ReleaseScriptingObjects (0ms)
			CreateAndSetChildDomain (1ms)
		EndReloadAssembly (349ms)
			LoadAssemblies (47ms)
			RebuildTransferFunctionScriptingTraits (0ms)
			SetupTypeCache (132ms)
			ReleaseScriptCaches (0ms)
			RebuildScriptCaches (28ms)
			SetupLoadedEditorAssemblies (133ms)
				LogAssemblyErrors (0ms)
				InitializePlatformSupportModulesInManaged (3ms)
				SetLoadedEditorAssemblies (0ms)
				RefreshPlugins (31ms)
				BeforeProcessingInitializeOnLoad (7ms)
				ProcessInitializeOnLoadAttributes (67ms)
				ProcessInitializeOnLoadMethodAttributes (24ms)
				AfterProcessingInitializeOnLoad (0ms)
				EditorAssembliesLoaded (0ms)
			ExecutionOrderSort2 (0ms)
			AwakeInstancesAfterBackupRestoration (0ms)
Platform modules already initialized, skipping
Registering precompiled user dll's ...
Registered in 0.002842 seconds.
Begin MonoManager ReloadAssembly
Native extension for WindowsStandalone target not found
Refreshing native plugins compatible for Editor in 0.26 ms, found 2 plugins.
Preloading 0 native plugins for Editor in 0.00 ms.
Mono: successfully reloaded assembly
- Completed reload, in  0.817 seconds
Domain Reload Profiling:
	ReloadAssembly (818ms)
		BeginReloadAssembly (124ms)
			ExecutionOrderSort (0ms)
			DisableScriptedObjects (4ms)
			BackupInstance (0ms)
			ReleaseScriptingObjects (0ms)
			CreateAndSetChildDomain (16ms)
		EndReloadAssembly (639ms)
			LoadAssemblies (73ms)
			RebuildTransferFunctionScriptingTraits (0ms)
			SetupTypeCache (219ms)
			ReleaseScriptCaches (0ms)
			RebuildScriptCaches (33ms)
			SetupLoadedEditorAssemblies (237ms)
				LogAssemblyErrors (0ms)
				InitializePlatformSupportModulesInManaged (4ms)
				SetLoadedEditorAssemblies (0ms)
				RefreshPlugins (0ms)
				BeforeProcessingInitializeOnLoad (45ms)
				ProcessInitializeOnLoadAttributes (177ms)
				ProcessInitializeOnLoadMethodAttributes (3ms)
				AfterProcessingInitializeOnLoad (7ms)
				EditorAssembliesLoaded (0ms)
			ExecutionOrderSort2 (0ms)
			AwakeInstancesAfterBackupRestoration (5ms)
Platform modules already initialized, skipping
========================================================================
Worker process is ready to serve import requests
Launched and connected shader compiler UnityShaderCompiler.exe after 0.05 seconds
Refreshing native plugins compatible for Editor in 0.33 ms, found 2 plugins.
Preloading 0 native plugins for Editor in 0.00 ms.
Unloading 1399 Unused Serialized files (Serialized files now loaded: 0)
System memory in use before: 64.9 MB.
System memory in use after: 65.0 MB.

Unloading 16 unused Assets to reduce memory usage. Loaded Objects now: 1834.
Total: 2.704500 ms (FindLiveObjects: 0.125300 ms CreateObjectMapping: 0.034000 ms MarkObjects: 2.411200 ms  DeleteObjects: 0.133200 ms)

AssetImportParameters requested are different than current active one (requested -> active):
  custom:framework-win-MediaFoundation: 216162199b28c13a410421893ffa2e32 -> 
  custom:video-decoder-ogg-theora: a1e56fd34408186e4bbccfd4996cb3dc -> 
  custom:container-muxer-webm: aa71ff27fc2769a1b78a27578f13a17b -> 
  custom:container-demuxer-webm: 4f35f7cbe854078d1ac9338744f61a02 -> 
  custom:container-demuxer-ogg: 62fdf1f143b41e24485cea50d1cbac27 -> 
  custom:video-encoder-webm-vp8: eb34c28f22e8b96e1ab97ce403110664 -> 
  custom:video-decoder-webm-vp8: 9c59270c3fd7afecdb556c50c9e8de78 -> 
  custom:audio-decoder-ogg-vorbis: bf7c407c2cedff20999df2af8eb42d56 -> 
  custom:audio-encoder-webm-vorbis: bf7c407c2cedff20999df2af8eb42d56 -> 
========================================================================
Received Import Request.
  path: Assets
  artifactKey: Guid(00000000000000001000000000000000) Importer(815301076,1909f56bfc062723c751e8b465ee728b)
Start importing Assets using Guid(00000000000000001000000000000000) Importer(815301076,1909f56bfc062723c751e8b465ee728b)  -> (artifact id: '42d402b061de3733987d63b9cc3b64de') in 0.003937 seconds 
  Import took 0.014462 seconds .

========================================================================
Received Import Request.
  Time since last request: 12.225066 seconds.
  path: Assets/Prefabs
  artifactKey: Guid(8ecd7f5eb92f03e4187042b11b21302e) Importer(815301076,1909f56bfc062723c751e8b465ee728b)
Start importing Assets/Prefabs using Guid(8ecd7f5eb92f03e4187042b11b21302e) Importer(815301076,1909f56bfc062723c751e8b465ee728b)  -> (artifact id: 'da4a43a84b4ce2d4b2f1e604fbe65fda') in 0.002861 seconds 
  Import took 0.005895 seconds .

========================================================================
Received Import Request.
  Time since last request: 16.352846 seconds.
  path: Assets/Prefabs/New Prefab.prefab
  artifactKey: Guid(530b8c8bb7139784eb782818e6899724) Importer(815301076,1909f56bfc062723c751e8b465ee728b)
Start importing Assets/Prefabs/New Prefab.prefab using Guid(530b8c8bb7139784eb782818e6899724) Importer(815301076,1909f56bfc062723c751e8b465ee728b)  -> (artifact id: '0510638ddf7af1669ef01f30e1b001f3') in 0.042750 seconds 
  Import took 0.045377 seconds .

========================================================================
Received Import Request.
  Time since last request: 8.872453 seconds.
  path: Assets/Prefabs/Player.prefab
  artifactKey: Guid(4c13bc01f4a98494a9d29a5254717373) Importer(815301076,1909f56bfc062723c751e8b465ee728b)
Start importing Assets/Prefabs/Player.prefab using Guid(4c13bc01f4a98494a9d29a5254717373) Importer(815301076,1909f56bfc062723c751e8b465ee728b)  -> (artifact id: 'e2a92798fb41db682d1476a07c46543e') in 0.068332 seconds 
  Import took 0.071413 seconds .

========================================================================
Received Import Request.
  Time since last request: 37.063969 seconds.
  path: Assets/Materials
  artifactKey: Guid(49adce49866c54f48a322f4e7d10aa9d) Importer(815301076,1909f56bfc062723c751e8b465ee728b)
Start importing Assets/Materials using Guid(49adce49866c54f48a322f4e7d10aa9d) Importer(815301076,1909f56bfc062723c751e8b465ee728b)  -> (artifact id: '80dea6c5bac003f88b033e592f02fb5e') in 0.003351 seconds 
  Import took 0.008201 seconds .

========================================================================
Received Import Request.
  Time since last request: 6.808952 seconds.
  path: Assets/Textures
  artifactKey: Guid(773f4de3fd854d5499907e3200ca0c02) Importer(815301076,1909f56bfc062723c751e8b465ee728b)
Start importing Assets/Textures using Guid(773f4de3fd854d5499907e3200ca0c02) Importer(815301076,1909f56bfc062723c751e8b465ee728b)  -> (artifact id: '79c9f205840a081b7c21b863e0ac21cc') in 0.002574 seconds 
  Import took 0.006152 seconds .

========================================================================
Received Import Request.
  Time since last request: 21.268130 seconds.
  path: Assets/Materials/Rojo_mat.mat
  artifactKey: Guid(da4d4adc5b82e3d4db99ad0a4af27ebb) Importer(815301076,1909f56bfc062723c751e8b465ee728b)
Start importing Assets/Materials/Rojo_mat.mat using Guid(da4d4adc5b82e3d4db99ad0a4af27ebb) Importer(815301076,1909f56bfc062723c751e8b465ee728b)  -> (artifact id: 'fcbdc988e88c33f679a2b01d5e31e074') in 0.036953 seconds 
  Import took 0.039435 seconds .

========================================================================
Received Import Request.
  Time since last request: 36.297486 seconds.
  path: Assets/Materials/Transparent_mat.mat
  artifactKey: Guid(ff4fe5db1a35b4c4db3553789da3f519) Importer(815301076,1909f56bfc062723c751e8b465ee728b)
Start importing Assets/Materials/Transparent_mat.mat using Guid(ff4fe5db1a35b4c4db3553789da3f519) Importer(815301076,1909f56bfc062723c751e8b465ee728b)  -> (artifact id: '540894a5c13625ccd909a4335ffb31fb') in 0.011585 seconds 
  Import took 0.013962 seconds .

========================================================================
Received Import Request.
  Time since last request: 294.860213 seconds.
  path: Assets/Textures/escamas.jpg
  artifactKey: Guid(a5bba3e773c66354b9857973b28869c7) Importer(815301076,1909f56bfc062723c751e8b465ee728b)
Start importing Assets/Textures/escamas.jpg using Guid(a5bba3e773c66354b9857973b28869c7) Importer(815301076,1909f56bfc062723c751e8b465ee728b)  -> (artifact id: 'b42b377785351b6fa9c3b8e58efe8ab3') in 0.056052 seconds 
  Import took 0.058851 seconds .

========================================================================
Received Import Request.
  Time since last request: 32.238386 seconds.
  path: Assets/Materials/Escamas_mat.mat
  artifactKey: Guid(8d1ba1c6f60728a4d825b2f51119e775) Importer(815301076,1909f56bfc062723c751e8b465ee728b)
Start importing Assets/Materials/Escamas_mat.mat using Guid(8d1ba1c6f60728a4d825b2f51119e775) Importer(815301076,1909f56bfc062723c751e8b465ee728b)  -> (artifact id: '1f37eda4cfd123c9a63afc131e1230a0') in 0.012281 seconds 
  Import took 0.014965 seconds .

========================================================================
Received Import Request.
  Time since last request: 374.747679 seconds.
  path: Assets/Materials/Azul_mat.mat
  artifactKey: Guid(da4d4adc5b82e3d4db99ad0a4af27ebb) Importer(815301076,1909f56bfc062723c751e8b465ee728b)
Start importing Assets/Materials/Azul_mat.mat using Guid(da4d4adc5b82e3d4db99ad0a4af27ebb) Importer(815301076,1909f56bfc062723c751e8b465ee728b)  -> (artifact id: '91550d0be47c4379ba90d1f9f497a988') in 0.011542 seconds 
  Import took 0.014312 seconds .

========================================================================
Received Import Request.
  Time since last request: 66.333144 seconds.
  path: Assets/Prefabs/New Prefab.prefab
  artifactKey: Guid(530b8c8bb7139784eb782818e6899724) Importer(815301076,1909f56bfc062723c751e8b465ee728b)
Start importing Assets/Prefabs/New Prefab.prefab using Guid(530b8c8bb7139784eb782818e6899724) Importer(815301076,1909f56bfc062723c751e8b465ee728b)  -> (artifact id: 'f15285ecda9e7571bc4787de0298c1ba') in 0.004158 seconds 
  Import took 0.006461 seconds .

========================================================================
Received Import Request.
  Time since last request: 165.778072 seconds.
  path: Assets/Prefabs/Player.prefab
  artifactKey: Guid(4c13bc01f4a98494a9d29a5254717373) Importer(815301076,1909f56bfc062723c751e8b465ee728b)
Start importing Assets/Prefabs/Player.prefab using Guid(4c13bc01f4a98494a9d29a5254717373) Importer(815301076,1909f56bfc062723c751e8b465ee728b)  -> (artifact id: '6b32d61e4b18529921f3e64c6931a856') in 0.014429 seconds 
  Import took 0.017021 seconds .

========================================================================
Received Import Request.
  Time since last request: 94.825131 seconds.
  path: Assets/Materials/Rojo_mat.mat
  artifactKey: Guid(3383ee2def6a4b64bbc952620b92823a) Importer(815301076,1909f56bfc062723c751e8b465ee728b)
Start importing Assets/Materials/Rojo_mat.mat using Guid(3383ee2def6a4b64bbc952620b92823a) Importer(815301076,1909f56bfc062723c751e8b465ee728b)  -> (artifact id: 'b2cd0ea6671e1833d4199d145d22562e') in 0.010526 seconds 
  Import took 0.012917 seconds .

========================================================================
Received Import Request.
  Time since last request: 70.789914 seconds.
  path: Assets/Prefabs/Player 1.prefab
  artifactKey: Guid(72d2794a23eebb54ba19f37800c470c2) Importer(815301076,1909f56bfc062723c751e8b465ee728b)
Start importing Assets/Prefabs/Player 1.prefab using Guid(72d2794a23eebb54ba19f37800c470c2) Importer(815301076,1909f56bfc062723c751e8b465ee728b)  -> (artifact id: '5856fb0030f28e8465a5c87e4314f283') in 0.012698 seconds 
  Import took 0.015247 seconds .

========================================================================
Received Import Request.
  Time since last request: 47.584394 seconds.
  path: Assets/Textures/escamasr.jpg
  artifactKey: Guid(51c65106abbba71468b9457b94c0326f) Importer(815301076,1909f56bfc062723c751e8b465ee728b)
Start importing Assets/Textures/escamasr.jpg using Guid(51c65106abbba71468b9457b94c0326f) Importer(815301076,1909f56bfc062723c751e8b465ee728b)  -> (artifact id: '433ba281b3123673922bb850ad55918a') in 0.009611 seconds 
  Import took 0.011852 seconds .

========================================================================
Received Import Request.
  Time since last request: 15.663019 seconds.
  path: Assets/Materials/esmamas2_mat.mat
  artifactKey: Guid(a88c14ebdcaa7c9419243e4180140473) Importer(815301076,1909f56bfc062723c751e8b465ee728b)
Start importing Assets/Materials/esmamas2_mat.mat using Guid(a88c14ebdcaa7c9419243e4180140473) Importer(815301076,1909f56bfc062723c751e8b465ee728b)  -> (artifact id: 'b1a34313fc78e8e7da0bc7ac30ff16d4') in 0.011256 seconds 
  Import took 0.013682 seconds .

========================================================================
Received Import Request.
  Time since last request: 24.685452 seconds.
  path: Assets/Prefabs/Player (1).prefab
  artifactKey: Guid(fb2103bc38d59814a97f07ff1829ac96) Importer(815301076,1909f56bfc062723c751e8b465ee728b)
Start importing Assets/Prefabs/Player (1).prefab using Guid(fb2103bc38d59814a97f07ff1829ac96) Importer(815301076,1909f56bfc062723c751e8b465ee728b)  -> (artifact id: '742ee01eec9ff053eae1c5bc3b4c8418') in 0.011783 seconds 
  Import took 0.014694 seconds .

========================================================================
Received Import Request.
  Time since last request: 56.457168 seconds.
  path: Assets/Prefabs/Player.prefab
  artifactKey: Guid(4c13bc01f4a98494a9d29a5254717373) Importer(815301076,1909f56bfc062723c751e8b465ee728b)
Start importing Assets/Prefabs/Player.prefab using Guid(4c13bc01f4a98494a9d29a5254717373) Importer(815301076,1909f56bfc062723c751e8b465ee728b)  -> (artifact id: 'cb302d18c6acf129bf62b5a50ea0b87b') in 0.010247 seconds 
  Import took 0.013177 seconds .

========================================================================
Received Import Request.
  Time since last request: 68.150008 seconds.
  path: Assets/Prefabs/Enemy Variant.prefab
  artifactKey: Guid(d52ee35c5ad651e40becebb4edd387a4) Importer(815301076,1909f56bfc062723c751e8b465ee728b)
Start importing Assets/Prefabs/Enemy Variant.prefab using Guid(d52ee35c5ad651e40becebb4edd387a4) Importer(815301076,1909f56bfc062723c751e8b465ee728b)  -> (artifact id: '7c2dfd149b992361444dfdfd4e27f8c7') in 0.012197 seconds 
  Import took 0.014481 seconds .

